{"C:\\Projects\\countdown\\src\\contexts\\ThemeContext.tsx": {"path":"C:\\Projects\\countdown\\src\\contexts\\ThemeContext.tsx","statementMap":{"0":{"start":{"line":58,"column":21},"end":{"line":58,"column":76}},"1":{"start":{"line":60,"column":24},"end":{"line":62,"column":1}},"2":{"start":{"line":61,"column":4},"end":{"line":61,"column":41}},"3":{"start":{"line":65,"column":32},"end":{"line":65,"column":52}},"4":{"start":{"line":67,"column":19},"end":{"line":80,"column":5}},"5":{"start":{"line":82,"column":25},"end":{"line":152,"column":5}},"6":{"start":{"line":154,"column":33},"end":{"line":158,"column":5}},"7":{"start":{"line":160,"column":4},"end":{"line":164,"column":5}}},"fnMap":{"0":{"name":"(anonymous_0)","decl":{"start":{"line":60,"column":24},"end":{"line":60,"column":25}},"loc":{"start":{"line":60,"column":30},"end":{"line":62,"column":1}},"line":60},"1":{"name":"ThemeProvider","decl":{"start":{"line":64,"column":16},"end":{"line":64,"column":29}},"loc":{"start":{"line":64,"column":64},"end":{"line":165,"column":1}},"line":64}},"branchMap":{"0":{"loc":{"start":{"line":71,"column":20},"end":{"line":71,"column":48}},"type":"cond-expr","locations":[{"start":{"line":71,"column":29},"end":{"line":71,"column":38}},{"start":{"line":71,"column":41},"end":{"line":71,"column":48}}],"line":71},"1":{"loc":{"start":{"line":72,"column":14},"end":{"line":72,"column":42}},"type":"cond-expr","locations":[{"start":{"line":72,"column":23},"end":{"line":72,"column":32}},{"start":{"line":72,"column":35},"end":{"line":72,"column":42}}],"line":72},"2":{"loc":{"start":{"line":73,"column":16},"end":{"line":73,"column":45}},"type":"cond-expr","locations":[{"start":{"line":73,"column":25},"end":{"line":73,"column":31}},{"start":{"line":73,"column":34},"end":{"line":73,"column":45}}],"line":73},"3":{"loc":{"start":{"line":74,"column":18},"end":{"line":74,"column":70}},"type":"cond-expr","locations":[{"start":{"line":74,"column":27},"end":{"line":74,"column":50}},{"start":{"line":74,"column":53},"end":{"line":74,"column":70}}],"line":74},"4":{"loc":{"start":{"line":76,"column":21},"end":{"line":76,"column":81}},"type":"cond-expr","locations":[{"start":{"line":76,"column":30},"end":{"line":76,"column":57}},{"start":{"line":76,"column":60},"end":{"line":76,"column":81}}],"line":76},"5":{"loc":{"start":{"line":77,"column":23},"end":{"line":77,"column":83}},"type":"cond-expr","locations":[{"start":{"line":77,"column":32},"end":{"line":77,"column":59}},{"start":{"line":77,"column":62},"end":{"line":77,"column":83}}],"line":77},"6":{"loc":{"start":{"line":78,"column":22},"end":{"line":78,"column":82}},"type":"cond-expr","locations":[{"start":{"line":78,"column":31},"end":{"line":78,"column":58}},{"start":{"line":78,"column":61},"end":{"line":78,"column":82}}],"line":78},"7":{"loc":{"start":{"line":149,"column":20},"end":{"line":149,"column":34}},"type":"cond-expr","locations":[{"start":{"line":149,"column":29},"end":{"line":149,"column":30}},{"start":{"line":149,"column":33},"end":{"line":149,"column":34}}],"line":149},"8":{"loc":{"start":{"line":150,"column":18},"end":{"line":150,"column":32}},"type":"cond-expr","locations":[{"start":{"line":150,"column":27},"end":{"line":150,"column":28}},{"start":{"line":150,"column":31},"end":{"line":150,"column":32}}],"line":150}},"s":{"0":4,"1":4,"2":24,"3":6,"4":6,"5":6,"6":6,"7":6},"f":{"0":24,"1":6},"b":{"0":[6,0],"1":[6,0],"2":[6,0],"3":[6,0],"4":[6,0],"5":[6,0],"6":[6,0],"7":[6,0],"8":[6,0]},"_coverageSchema":"1a1c01bbd47fc00a2c39e90264f33305004495a9","hash":"4fa751b09e8c37ac9eeeb6556622cbece3a66e96"}
,"C:\\Projects\\countdown\\src\\library\\Icon.tsx": {"path":"C:\\Projects\\countdown\\src\\library\\Icon.tsx","statementMap":{"0":{"start":{"line":18,"column":20},"end":{"line":37,"column":1}},"1":{"start":{"line":19,"column":22},"end":{"line":19,"column":32}},"2":{"start":{"line":26,"column":8},"end":{"line":26,"column":13}},"3":{"start":{"line":28,"column":4},"end":{"line":36,"column":5}}},"fnMap":{"0":{"name":"(anonymous_0)","decl":{"start":{"line":18,"column":20},"end":{"line":18,"column":21}},"loc":{"start":{"line":18,"column":42},"end":{"line":37,"column":1}},"line":18}},"branchMap":{"0":{"loc":{"start":{"line":22,"column":8},"end":{"line":22,"column":32}},"type":"default-arg","locations":[{"start":{"line":22,"column":16},"end":{"line":22,"column":32}}],"line":22},"1":{"loc":{"start":{"line":23,"column":8},"end":{"line":23,"column":30}},"type":"default-arg","locations":[{"start":{"line":23,"column":15},"end":{"line":23,"column":30}}],"line":23}},"s":{"0":2,"1":6,"2":6,"3":6},"f":{"0":6},"b":{"0":[0],"1":[0]},"_coverageSchema":"1a1c01bbd47fc00a2c39e90264f33305004495a9","hash":"2da3e88a6d6eba88472398212d5c7fb156980400"}
,"C:\\Projects\\countdown\\src\\library\\Modal.tsx": {"path":"C:\\Projects\\countdown\\src\\library\\Modal.tsx","statementMap":{"0":{"start":{"line":11,"column":21},"end":{"line":40,"column":1}},"1":{"start":{"line":12,"column":19},"end":{"line":17,"column":6}},"2":{"start":{"line":19,"column":18},"end":{"line":21,"column":5}},"3":{"start":{"line":20,"column":8},"end":{"line":20,"column":22}},"4":{"start":{"line":23,"column":4},"end":{"line":39,"column":5}},"5":{"start":{"line":29,"column":20},"end":{"line":29,"column":34}}},"fnMap":{"0":{"name":"(anonymous_0)","decl":{"start":{"line":11,"column":21},"end":{"line":11,"column":22}},"loc":{"start":{"line":11,"column":73},"end":{"line":40,"column":1}},"line":11},"1":{"name":"(anonymous_1)","decl":{"start":{"line":19,"column":18},"end":{"line":19,"column":19}},"loc":{"start":{"line":19,"column":24},"end":{"line":21,"column":5}},"line":19},"2":{"name":"(anonymous_2)","decl":{"start":{"line":28,"column":32},"end":{"line":28,"column":33}},"loc":{"start":{"line":28,"column":38},"end":{"line":30,"column":17}},"line":28}},"branchMap":{},"s":{"0":1,"1":1,"2":1,"3":0,"4":1,"5":0},"f":{"0":1,"1":0,"2":0},"b":{},"_coverageSchema":"1a1c01bbd47fc00a2c39e90264f33305004495a9","hash":"897b391517e8bb97125fa25fcbcfca8ed1894310"}
,"C:\\Projects\\countdown\\src\\library\\Pressable.tsx": {"path":"C:\\Projects\\countdown\\src\\library\\Pressable.tsx","statementMap":{"0":{"start":{"line":13,"column":25},"end":{"line":35,"column":1}},"1":{"start":{"line":14,"column":22},"end":{"line":14,"column":32}},"2":{"start":{"line":15,"column":93},"end":{"line":15,"column":98}},"3":{"start":{"line":18,"column":25},"end":{"line":18,"column":52}},"4":{"start":{"line":20,"column":4},"end":{"line":34,"column":5}},"5":{"start":{"line":22,"column":36},"end":{"line":28,"column":13}}},"fnMap":{"0":{"name":"(anonymous_0)","decl":{"start":{"line":13,"column":25},"end":{"line":13,"column":26}},"loc":{"start":{"line":13,"column":52},"end":{"line":35,"column":1}},"line":13},"1":{"name":"(anonymous_1)","decl":{"start":{"line":22,"column":19},"end":{"line":22,"column":20}},"loc":{"start":{"line":22,"column":36},"end":{"line":28,"column":13}},"line":22}},"branchMap":{"0":{"loc":{"start":{"line":15,"column":29},"end":{"line":15,"column":42}},"type":"default-arg","locations":[{"start":{"line":15,"column":38},"end":{"line":15,"column":42}}],"line":15},"1":{"loc":{"start":{"line":15,"column":44},"end":{"line":15,"column":79}},"type":"default-arg","locations":[{"start":{"line":15,"column":58},"end":{"line":15,"column":79}}],"line":15},"2":{"loc":{"start":{"line":25,"column":37},"end":{"line":25,"column":154}},"type":"cond-expr","locations":[{"start":{"line":25,"column":48},"end":{"line":25,"column":122}},{"start":{"line":25,"column":125},"end":{"line":25,"column":154}}],"line":25},"3":{"loc":{"start":{"line":25,"column":48},"end":{"line":25,"column":122}},"type":"cond-expr","locations":[{"start":{"line":25,"column":58},"end":{"line":25,"column":71}},{"start":{"line":25,"column":74},"end":{"line":25,"column":122}}],"line":25},"4":{"loc":{"start":{"line":25,"column":74},"end":{"line":25,"column":122}},"type":"binary-expr","locations":[{"start":{"line":25,"column":74},"end":{"line":25,"column":103}},{"start":{"line":25,"column":107},"end":{"line":25,"column":122}}],"line":25},"5":{"loc":{"start":{"line":26,"column":35},"end":{"line":26,"column":74}},"type":"binary-expr","locations":[{"start":{"line":26,"column":35},"end":{"line":26,"column":62}},{"start":{"line":26,"column":66},"end":{"line":26,"column":74}}],"line":26}},"s":{"0":3,"1":9,"2":9,"3":9,"4":9,"5":9},"f":{"0":9,"1":9},"b":{"0":[2],"1":[8],"2":[5,4],"3":[0,5],"4":[5,3],"5":[9,5]},"_coverageSchema":"1a1c01bbd47fc00a2c39e90264f33305004495a9","hash":"f2fd9a5b3d9ffbd4a9d2111d0850d0560c552411"}
,"C:\\Projects\\countdown\\src\\library\\Text.tsx": {"path":"C:\\Projects\\countdown\\src\\library\\Text.tsx","statementMap":{"0":{"start":{"line":19,"column":20},"end":{"line":41,"column":1}},"1":{"start":{"line":20,"column":105},"end":{"line":20,"column":110}},"2":{"start":{"line":21,"column":22},"end":{"line":21,"column":32}},"3":{"start":{"line":23,"column":21},"end":{"line":34,"column":5}},"4":{"start":{"line":24,"column":8},"end":{"line":24,"column":42}},"5":{"start":{"line":24,"column":16},"end":{"line":24,"column":42}},"6":{"start":{"line":25,"column":8},"end":{"line":25,"column":42}},"7":{"start":{"line":25,"column":16},"end":{"line":25,"column":42}},"8":{"start":{"line":26,"column":8},"end":{"line":26,"column":42}},"9":{"start":{"line":26,"column":16},"end":{"line":26,"column":42}},"10":{"start":{"line":27,"column":8},"end":{"line":27,"column":46}},"11":{"start":{"line":27,"column":18},"end":{"line":27,"column":46}},"12":{"start":{"line":28,"column":8},"end":{"line":28,"column":54}},"13":{"start":{"line":28,"column":22},"end":{"line":28,"column":54}},"14":{"start":{"line":29,"column":8},"end":{"line":29,"column":54}},"15":{"start":{"line":29,"column":22},"end":{"line":29,"column":54}},"16":{"start":{"line":30,"column":8},"end":{"line":30,"column":56}},"17":{"start":{"line":30,"column":23},"end":{"line":30,"column":56}},"18":{"start":{"line":31,"column":8},"end":{"line":31,"column":48}},"19":{"start":{"line":31,"column":19},"end":{"line":31,"column":48}},"20":{"start":{"line":32,"column":8},"end":{"line":32,"column":50}},"21":{"start":{"line":32,"column":20},"end":{"line":32,"column":50}},"22":{"start":{"line":33,"column":8},"end":{"line":33,"column":36}},"23":{"start":{"line":36,"column":4},"end":{"line":40,"column":5}}},"fnMap":{"0":{"name":"(anonymous_0)","decl":{"start":{"line":19,"column":20},"end":{"line":19,"column":21}},"loc":{"start":{"line":19,"column":42},"end":{"line":41,"column":1}},"line":19},"1":{"name":"(anonymous_1)","decl":{"start":{"line":23,"column":21},"end":{"line":23,"column":22}},"loc":{"start":{"line":23,"column":27},"end":{"line":34,"column":5}},"line":23}},"branchMap":{"0":{"loc":{"start":{"line":24,"column":8},"end":{"line":24,"column":42}},"type":"if","locations":[{"start":{"line":24,"column":8},"end":{"line":24,"column":42}},{"start":{"line":24,"column":8},"end":{"line":24,"column":42}}],"line":24},"1":{"loc":{"start":{"line":25,"column":8},"end":{"line":25,"column":42}},"type":"if","locations":[{"start":{"line":25,"column":8},"end":{"line":25,"column":42}},{"start":{"line":25,"column":8},"end":{"line":25,"column":42}}],"line":25},"2":{"loc":{"start":{"line":26,"column":8},"end":{"line":26,"column":42}},"type":"if","locations":[{"start":{"line":26,"column":8},"end":{"line":26,"column":42}},{"start":{"line":26,"column":8},"end":{"line":26,"column":42}}],"line":26},"3":{"loc":{"start":{"line":27,"column":8},"end":{"line":27,"column":46}},"type":"if","locations":[{"start":{"line":27,"column":8},"end":{"line":27,"column":46}},{"start":{"line":27,"column":8},"end":{"line":27,"column":46}}],"line":27},"4":{"loc":{"start":{"line":28,"column":8},"end":{"line":28,"column":54}},"type":"if","locations":[{"start":{"line":28,"column":8},"end":{"line":28,"column":54}},{"start":{"line":28,"column":8},"end":{"line":28,"column":54}}],"line":28},"5":{"loc":{"start":{"line":29,"column":8},"end":{"line":29,"column":54}},"type":"if","locations":[{"start":{"line":29,"column":8},"end":{"line":29,"column":54}},{"start":{"line":29,"column":8},"end":{"line":29,"column":54}}],"line":29},"6":{"loc":{"start":{"line":30,"column":8},"end":{"line":30,"column":56}},"type":"if","locations":[{"start":{"line":30,"column":8},"end":{"line":30,"column":56}},{"start":{"line":30,"column":8},"end":{"line":30,"column":56}}],"line":30},"7":{"loc":{"start":{"line":31,"column":8},"end":{"line":31,"column":48}},"type":"if","locations":[{"start":{"line":31,"column":8},"end":{"line":31,"column":48}},{"start":{"line":31,"column":8},"end":{"line":31,"column":48}}],"line":31},"8":{"loc":{"start":{"line":32,"column":8},"end":{"line":32,"column":50}},"type":"if","locations":[{"start":{"line":32,"column":8},"end":{"line":32,"column":50}},{"start":{"line":32,"column":8},"end":{"line":32,"column":50}}],"line":32}},"s":{"0":1,"1":2,"2":2,"3":2,"4":2,"5":0,"6":2,"7":0,"8":2,"9":0,"10":2,"11":0,"12":2,"13":0,"14":2,"15":2,"16":0,"17":0,"18":0,"19":0,"20":0,"21":0,"22":0,"23":2},"f":{"0":2,"1":2},"b":{"0":[0,2],"1":[0,2],"2":[0,2],"3":[0,2],"4":[0,2],"5":[2,0],"6":[0,0],"7":[0,0],"8":[0,0]},"_coverageSchema":"1a1c01bbd47fc00a2c39e90264f33305004495a9","hash":"8313d1dfb52caa6fd408ceff214e780d2030b41a"}
,"C:\\Projects\\countdown\\src\\library\\Button\\Button.tsx": {"path":"C:\\Projects\\countdown\\src\\library\\Button\\Button.tsx","statementMap":{"0":{"start":{"line":12,"column":22},"end":{"line":42,"column":1}},"1":{"start":{"line":13,"column":49},"end":{"line":13,"column":54}},"2":{"start":{"line":14,"column":22},"end":{"line":14,"column":32}},"3":{"start":{"line":16,"column":19},"end":{"line":25,"column":6}},"4":{"start":{"line":27,"column":4},"end":{"line":41,"column":5}},"5":{"start":{"line":29,"column":36},"end":{"line":35,"column":13}}},"fnMap":{"0":{"name":"(anonymous_0)","decl":{"start":{"line":12,"column":22},"end":{"line":12,"column":23}},"loc":{"start":{"line":12,"column":46},"end":{"line":42,"column":1}},"line":12},"1":{"name":"(anonymous_1)","decl":{"start":{"line":29,"column":19},"end":{"line":29,"column":20}},"loc":{"start":{"line":29,"column":36},"end":{"line":35,"column":13}},"line":29}},"branchMap":{"0":{"loc":{"start":{"line":31,"column":29},"end":{"line":31,"column":46}},"type":"cond-expr","locations":[{"start":{"line":31,"column":39},"end":{"line":31,"column":42}},{"start":{"line":31,"column":45},"end":{"line":31,"column":46}}],"line":31}},"s":{"0":1,"1":1,"2":1,"3":1,"4":1,"5":1},"f":{"0":1,"1":1},"b":{"0":[0,1]},"_coverageSchema":"1a1c01bbd47fc00a2c39e90264f33305004495a9","hash":"e451ec01539d72a992b640e55bc52acceea2a8e0"}
,"C:\\Projects\\countdown\\src\\library\\Card\\Card.tsx": {"path":"C:\\Projects\\countdown\\src\\library\\Card\\Card.tsx","statementMap":{"0":{"start":{"line":10,"column":20},"end":{"line":28,"column":1}},"1":{"start":{"line":11,"column":22},"end":{"line":11,"column":32}},"2":{"start":{"line":13,"column":19},"end":{"line":21,"column":6}},"3":{"start":{"line":23,"column":4},"end":{"line":27,"column":5}}},"fnMap":{"0":{"name":"(anonymous_0)","decl":{"start":{"line":10,"column":20},"end":{"line":10,"column":21}},"loc":{"start":{"line":10,"column":65},"end":{"line":28,"column":1}},"line":10}},"branchMap":{},"s":{"0":1,"1":1,"2":1,"3":1},"f":{"0":1},"b":{},"_coverageSchema":"1a1c01bbd47fc00a2c39e90264f33305004495a9","hash":"5c55917f0905c41a616f5866298d05566db0b2c9"}
,"C:\\Projects\\countdown\\src\\library\\ColorPicker\\ColorPicker.tsx": {"path":"C:\\Projects\\countdown\\src\\library\\ColorPicker\\ColorPicker.tsx","statementMap":{"0":{"start":{"line":10,"column":27},"end":{"line":51,"column":1}},"1":{"start":{"line":11,"column":19},"end":{"line":17,"column":5}},"2":{"start":{"line":19,"column":19},"end":{"line":33,"column":6}},"3":{"start":{"line":35,"column":4},"end":{"line":50,"column":5}},"4":{"start":{"line":40,"column":24},"end":{"line":45,"column":26}},"5":{"start":{"line":42,"column":43},"end":{"line":42,"column":58}}},"fnMap":{"0":{"name":"(anonymous_0)","decl":{"start":{"line":10,"column":27},"end":{"line":10,"column":28}},"loc":{"start":{"line":10,"column":83},"end":{"line":51,"column":1}},"line":10},"1":{"name":"(anonymous_1)","decl":{"start":{"line":39,"column":31},"end":{"line":39,"column":32}},"loc":{"start":{"line":40,"column":24},"end":{"line":45,"column":26}},"line":40},"2":{"name":"(anonymous_2)","decl":{"start":{"line":42,"column":37},"end":{"line":42,"column":38}},"loc":{"start":{"line":42,"column":43},"end":{"line":42,"column":58}},"line":42}},"branchMap":{},"s":{"0":1,"1":1,"2":1,"3":1,"4":25,"5":1},"f":{"0":1,"1":25,"2":1},"b":{},"_coverageSchema":"1a1c01bbd47fc00a2c39e90264f33305004495a9","hash":"4942c63d96dc1e28bd5309f25278f25ab1181a96"}
,"C:\\Projects\\countdown\\src\\library\\DateTimePicker\\DateTimePicker.tsx": {"path":"C:\\Projects\\countdown\\src\\library\\DateTimePicker\\DateTimePicker.tsx","statementMap":{"0":{"start":{"line":16,"column":30},"end":{"line":42,"column":1}},"1":{"start":{"line":17,"column":70},"end":{"line":17,"column":75}},"2":{"start":{"line":19,"column":27},"end":{"line":21,"column":5}},"3":{"start":{"line":20,"column":8},"end":{"line":20,"column":26}},"4":{"start":{"line":23,"column":27},"end":{"line":25,"column":5}},"5":{"start":{"line":24,"column":8},"end":{"line":24,"column":27}},"6":{"start":{"line":27,"column":26},"end":{"line":30,"column":5}},"7":{"start":{"line":28,"column":8},"end":{"line":28,"column":24}},"8":{"start":{"line":29,"column":8},"end":{"line":29,"column":29}},"9":{"start":{"line":32,"column":4},"end":{"line":41,"column":5}}},"fnMap":{"0":{"name":"(anonymous_0)","decl":{"start":{"line":16,"column":30},"end":{"line":16,"column":31}},"loc":{"start":{"line":16,"column":62},"end":{"line":42,"column":1}},"line":16},"1":{"name":"(anonymous_1)","decl":{"start":{"line":19,"column":27},"end":{"line":19,"column":28}},"loc":{"start":{"line":19,"column":33},"end":{"line":21,"column":5}},"line":19},"2":{"name":"(anonymous_2)","decl":{"start":{"line":23,"column":27},"end":{"line":23,"column":28}},"loc":{"start":{"line":23,"column":33},"end":{"line":25,"column":5}},"line":23},"3":{"name":"(anonymous_3)","decl":{"start":{"line":27,"column":26},"end":{"line":27,"column":27}},"loc":{"start":{"line":27,"column":50},"end":{"line":30,"column":5}},"line":27}},"branchMap":{"0":{"loc":{"start":{"line":17,"column":27},"end":{"line":17,"column":40}},"type":"default-arg","locations":[{"start":{"line":17,"column":34},"end":{"line":17,"column":40}}],"line":17}},"s":{"0":1,"1":1,"2":1,"3":0,"4":1,"5":0,"6":1,"7":0,"8":0,"9":1},"f":{"0":1,"1":0,"2":0,"3":0},"b":{"0":[1]},"_coverageSchema":"1a1c01bbd47fc00a2c39e90264f33305004495a9","hash":"90e6c145e6e7c48fd6c8ce96c606e40b5dccce72"}
,"C:\\Projects\\countdown\\src\\library\\FAB\\FAB.tsx": {"path":"C:\\Projects\\countdown\\src\\library\\FAB\\FAB.tsx","statementMap":{"0":{"start":{"line":13,"column":19},"end":{"line":32,"column":1}},"1":{"start":{"line":14,"column":22},"end":{"line":14,"column":32}},"2":{"start":{"line":16,"column":19},"end":{"line":25,"column":6}},"3":{"start":{"line":27,"column":4},"end":{"line":31,"column":5}}},"fnMap":{"0":{"name":"(anonymous_0)","decl":{"start":{"line":13,"column":19},"end":{"line":13,"column":20}},"loc":{"start":{"line":13,"column":52},"end":{"line":32,"column":1}},"line":13}},"branchMap":{},"s":{"0":1,"1":1,"2":1,"3":1},"f":{"0":1},"b":{},"_coverageSchema":"1a1c01bbd47fc00a2c39e90264f33305004495a9","hash":"fe80de10dc7ecea885b7a5f56dc80ad0a0aa1c3a"}
,"C:\\Projects\\countdown\\src\\library\\Input\\Input.tsx": {"path":"C:\\Projects\\countdown\\src\\library\\Input\\Input.tsx","statementMap":{"0":{"start":{"line":25,"column":21},"end":{"line":152,"column":1}},"1":{"start":{"line":37,"column":8},"end":{"line":37,"column":13}},"2":{"start":{"line":38,"column":22},"end":{"line":38,"column":32}},"3":{"start":{"line":40,"column":34},"end":{"line":40,"column":55}},"4":{"start":{"line":44,"column":19},"end":{"line":79,"column":6}},"5":{"start":{"line":81,"column":24},"end":{"line":86,"column":5}},"6":{"start":{"line":82,"column":8},"end":{"line":82,"column":28}},"7":{"start":{"line":83,"column":8},"end":{"line":83,"column":24}},"8":{"start":{"line":84,"column":8},"end":{"line":84,"column":24}},"9":{"start":{"line":85,"column":8},"end":{"line":85,"column":25}},"10":{"start":{"line":88,"column":24},"end":{"line":90,"column":5}},"11":{"start":{"line":89,"column":8},"end":{"line":89,"column":24}},"12":{"start":{"line":92,"column":23},"end":{"line":94,"column":5}},"13":{"start":{"line":93,"column":8},"end":{"line":93,"column":25}},"14":{"start":{"line":96,"column":29},"end":{"line":98,"column":5}},"15":{"start":{"line":97,"column":8},"end":{"line":97,"column":34}},"16":{"start":{"line":102,"column":4},"end":{"line":151,"column":5}},"17":{"start":{"line":130,"column":29},"end":{"line":130,"column":41}}},"fnMap":{"0":{"name":"(anonymous_0)","decl":{"start":{"line":25,"column":21},"end":{"line":25,"column":22}},"loc":{"start":{"line":25,"column":44},"end":{"line":152,"column":1}},"line":25},"1":{"name":"(anonymous_1)","decl":{"start":{"line":81,"column":24},"end":{"line":81,"column":25}},"loc":{"start":{"line":81,"column":30},"end":{"line":86,"column":5}},"line":81},"2":{"name":"(anonymous_2)","decl":{"start":{"line":88,"column":24},"end":{"line":88,"column":25}},"loc":{"start":{"line":88,"column":30},"end":{"line":90,"column":5}},"line":88},"3":{"name":"(anonymous_3)","decl":{"start":{"line":92,"column":23},"end":{"line":92,"column":24}},"loc":{"start":{"line":92,"column":29},"end":{"line":94,"column":5}},"line":92},"4":{"name":"(anonymous_4)","decl":{"start":{"line":96,"column":29},"end":{"line":96,"column":30}},"loc":{"start":{"line":96,"column":47},"end":{"line":98,"column":5}},"line":96},"5":{"name":"(anonymous_5)","decl":{"start":{"line":130,"column":21},"end":{"line":130,"column":22}},"loc":{"start":{"line":130,"column":29},"end":{"line":130,"column":41}},"line":130}},"branchMap":{"0":{"loc":{"start":{"line":47,"column":25},"end":{"line":51,"column":33}},"type":"cond-expr","locations":[{"start":{"line":48,"column":18},"end":{"line":48,"column":23}},{"start":{"line":49,"column":18},"end":{"line":51,"column":33}}],"line":47},"1":{"loc":{"start":{"line":49,"column":18},"end":{"line":51,"column":33}},"type":"cond-expr","locations":[{"start":{"line":50,"column":18},"end":{"line":50,"column":38}},{"start":{"line":51,"column":18},"end":{"line":51,"column":33}}],"line":49},"2":{"loc":{"start":{"line":54,"column":24},"end":{"line":54,"column":66}},"type":"cond-expr","locations":[{"start":{"line":54,"column":32},"end":{"line":54,"column":54}},{"start":{"line":54,"column":57},"end":{"line":54,"column":66}}],"line":54},"3":{"loc":{"start":{"line":82,"column":8},"end":{"line":82,"column":28}},"type":"binary-expr","locations":[{"start":{"line":82,"column":8},"end":{"line":82,"column":15}},{"start":{"line":82,"column":19},"end":{"line":82,"column":28}}],"line":82},"4":{"loc":{"start":{"line":97,"column":8},"end":{"line":97,"column":34}},"type":"binary-expr","locations":[{"start":{"line":97,"column":8},"end":{"line":97,"column":16}},{"start":{"line":97,"column":20},"end":{"line":97,"column":34}}],"line":97},"5":{"loc":{"start":{"line":107,"column":27},"end":{"line":107,"column":56}},"type":"cond-expr","locations":[{"start":{"line":107,"column":37},"end":{"line":107,"column":47}},{"start":{"line":107,"column":50},"end":{"line":107,"column":56}}],"line":107},"6":{"loc":{"start":{"line":110,"column":13},"end":{"line":114,"column":13}},"type":"binary-expr","locations":[{"start":{"line":110,"column":13},"end":{"line":110,"column":18}},{"start":{"line":111,"column":16},"end":{"line":113,"column":23}}],"line":110},"7":{"loc":{"start":{"line":115,"column":13},"end":{"line":123,"column":13}},"type":"binary-expr","locations":[{"start":{"line":115,"column":13},"end":{"line":115,"column":21}},{"start":{"line":116,"column":16},"end":{"line":122,"column":18}}],"line":115},"8":{"loc":{"start":{"line":131,"column":38},"end":{"line":131,"column":64}},"type":"cond-expr","locations":[{"start":{"line":131,"column":48},"end":{"line":131,"column":52}},{"start":{"line":131,"column":55},"end":{"line":131,"column":64}}],"line":131},"9":{"loc":{"start":{"line":135,"column":13},"end":{"line":149,"column":13}},"type":"binary-expr","locations":[{"start":{"line":135,"column":13},"end":{"line":135,"column":22}},{"start":{"line":136,"column":16},"end":{"line":148,"column":28}}],"line":135},"10":{"loc":{"start":{"line":138,"column":30},"end":{"line":138,"column":61}},"type":"cond-expr","locations":[{"start":{"line":138,"column":49},"end":{"line":138,"column":53}},{"start":{"line":138,"column":56},"end":{"line":138,"column":61}}],"line":138}},"s":{"0":1,"1":4,"2":4,"3":4,"4":4,"5":4,"6":1,"7":1,"8":1,"9":1,"10":4,"11":0,"12":4,"13":0,"14":4,"15":1,"16":4,"17":8},"f":{"0":4,"1":1,"2":0,"3":0,"4":1,"5":8},"b":{"0":[0,4],"1":[1,3],"2":[2,2],"3":[1,1],"4":[1,0],"5":[2,2],"6":[4,2],"7":[4,2],"8":[2,2],"9":[4,3],"10":[3,0]},"_coverageSchema":"1a1c01bbd47fc00a2c39e90264f33305004495a9","hash":"c6013730bb48f70b4ca9e681d2c80c47469e6dde"}
}
