TN:
SF:src\contexts\ThemeContext.tsx
FN:60,(anonymous_0)
FN:64,ThemeProvider
FNF:2
FNH:2
FNDA:24,(anonymous_0)
FNDA:6,ThemeProvider
DA:58,4
DA:60,4
DA:61,24
DA:65,6
DA:67,6
DA:82,6
DA:154,6
DA:160,6
LF:8
LH:8
BRDA:71,0,0,6
BRDA:71,0,1,0
BRDA:72,1,0,6
BRDA:72,1,1,0
BRDA:73,2,0,6
BRDA:73,2,1,0
BRDA:74,3,0,6
BRDA:74,3,1,0
BRDA:76,4,0,6
BRDA:76,4,1,0
BRDA:77,5,0,6
BRDA:77,5,1,0
BRDA:78,6,0,6
BRDA:78,6,1,0
BRDA:149,7,0,6
BRDA:149,7,1,0
BRDA:150,8,0,6
BRDA:150,8,1,0
BRF:18
BRH:9
end_of_record
TN:
SF:src\library\Icon.tsx
FN:18,(anonymous_0)
FNF:1
FNH:1
FNDA:6,(anonymous_0)
DA:18,2
DA:19,6
DA:26,6
DA:28,6
LF:4
LH:4
BRDA:22,0,0,0
BRDA:23,1,0,0
BRF:2
BRH:0
end_of_record
TN:
SF:src\library\Modal.tsx
FN:11,(anonymous_0)
FN:19,(anonymous_1)
FN:28,(anonymous_2)
FNF:3
FNH:1
FNDA:1,(anonymous_0)
FNDA:0,(anonymous_1)
FNDA:0,(anonymous_2)
DA:11,1
DA:12,1
DA:19,1
DA:20,0
DA:23,1
DA:29,0
LF:6
LH:4
BRF:0
BRH:0
end_of_record
TN:
SF:src\library\Pressable.tsx
FN:13,(anonymous_0)
FN:22,(anonymous_1)
FNF:2
FNH:2
FNDA:9,(anonymous_0)
FNDA:9,(anonymous_1)
DA:13,3
DA:14,9
DA:15,9
DA:18,9
DA:20,9
DA:22,9
LF:6
LH:6
BRDA:15,0,0,2
BRDA:15,1,0,8
BRDA:25,2,0,5
BRDA:25,2,1,4
BRDA:25,3,0,0
BRDA:25,3,1,5
BRDA:25,4,0,5
BRDA:25,4,1,3
BRDA:26,5,0,9
BRDA:26,5,1,5
BRF:10
BRH:9
end_of_record
TN:
SF:src\library\Text.tsx
FN:19,(anonymous_0)
FN:23,(anonymous_1)
FNF:2
FNH:2
FNDA:2,(anonymous_0)
FNDA:2,(anonymous_1)
DA:19,1
DA:20,2
DA:21,2
DA:23,2
DA:24,2
DA:25,2
DA:26,2
DA:27,2
DA:28,2
DA:29,2
DA:30,0
DA:31,0
DA:32,0
DA:33,0
DA:36,2
LF:15
LH:11
BRDA:24,0,0,0
BRDA:24,0,1,2
BRDA:25,1,0,0
BRDA:25,1,1,2
BRDA:26,2,0,0
BRDA:26,2,1,2
BRDA:27,3,0,0
BRDA:27,3,1,2
BRDA:28,4,0,0
BRDA:28,4,1,2
BRDA:29,5,0,2
BRDA:29,5,1,0
BRDA:30,6,0,0
BRDA:30,6,1,0
BRDA:31,7,0,0
BRDA:31,7,1,0
BRDA:32,8,0,0
BRDA:32,8,1,0
BRF:18
BRH:6
end_of_record
TN:
SF:src\library\Button\Button.tsx
FN:12,(anonymous_0)
FN:29,(anonymous_1)
FNF:2
FNH:2
FNDA:1,(anonymous_0)
FNDA:1,(anonymous_1)
DA:12,1
DA:13,1
DA:14,1
DA:16,1
DA:27,1
DA:29,1
LF:6
LH:6
BRDA:31,0,0,0
BRDA:31,0,1,1
BRF:2
BRH:1
end_of_record
TN:
SF:src\library\Card\Card.tsx
FN:10,(anonymous_0)
FNF:1
FNH:1
FNDA:1,(anonymous_0)
DA:10,1
DA:11,1
DA:13,1
DA:23,1
LF:4
LH:4
BRF:0
BRH:0
end_of_record
TN:
SF:src\library\ColorPicker\ColorPicker.tsx
FN:10,(anonymous_0)
FN:39,(anonymous_1)
FN:42,(anonymous_2)
FNF:3
FNH:3
FNDA:1,(anonymous_0)
FNDA:25,(anonymous_1)
FNDA:1,(anonymous_2)
DA:10,1
DA:11,1
DA:19,1
DA:35,1
DA:40,25
DA:42,1
LF:6
LH:6
BRF:0
BRH:0
end_of_record
TN:
SF:src\library\DateTimePicker\DateTimePicker.tsx
FN:16,(anonymous_0)
FN:19,(anonymous_1)
FN:23,(anonymous_2)
FN:27,(anonymous_3)
FNF:4
FNH:1
FNDA:1,(anonymous_0)
FNDA:0,(anonymous_1)
FNDA:0,(anonymous_2)
FNDA:0,(anonymous_3)
DA:16,1
DA:17,1
DA:19,1
DA:20,0
DA:23,1
DA:24,0
DA:27,1
DA:28,0
DA:29,0
DA:32,1
LF:10
LH:6
BRDA:17,0,0,1
BRF:1
BRH:1
end_of_record
TN:
SF:src\library\FAB\FAB.tsx
FN:13,(anonymous_0)
FNF:1
FNH:1
FNDA:1,(anonymous_0)
DA:13,1
DA:14,1
DA:16,1
DA:27,1
LF:4
LH:4
BRF:0
BRH:0
end_of_record
TN:
SF:src\library\Input\Input.tsx
FN:25,(anonymous_0)
FN:81,(anonymous_1)
FN:88,(anonymous_2)
FN:92,(anonymous_3)
FN:96,(anonymous_4)
FN:130,(anonymous_5)
FNF:6
FNH:4
FNDA:4,(anonymous_0)
FNDA:1,(anonymous_1)
FNDA:0,(anonymous_2)
FNDA:0,(anonymous_3)
FNDA:1,(anonymous_4)
FNDA:8,(anonymous_5)
DA:25,1
DA:37,4
DA:38,4
DA:40,4
DA:44,4
DA:81,4
DA:82,1
DA:83,1
DA:84,1
DA:85,1
DA:88,4
DA:89,0
DA:92,4
DA:93,0
DA:96,4
DA:97,1
DA:102,4
DA:130,8
LF:18
LH:16
BRDA:47,0,0,0
BRDA:47,0,1,4
BRDA:49,1,0,1
BRDA:49,1,1,3
BRDA:54,2,0,2
BRDA:54,2,1,2
BRDA:82,3,0,1
BRDA:82,3,1,1
BRDA:97,4,0,1
BRDA:97,4,1,0
BRDA:107,5,0,2
BRDA:107,5,1,2
BRDA:110,6,0,4
BRDA:110,6,1,2
BRDA:115,7,0,4
BRDA:115,7,1,2
BRDA:131,8,0,2
BRDA:131,8,1,2
BRDA:135,9,0,4
BRDA:135,9,1,3
BRDA:138,10,0,3
BRDA:138,10,1,0
BRF:22
BRH:19
end_of_record
